<?xml version="1.0" encoding="UTF-8"?>
<!-- Generated by org.testng.reporters.JUnitReportReporter -->
<testsuite hostname="LAPTOP-24QL5O2N" failures="0" tests="1" name="mvnGroupID1.testTest" time="0.011" errors="0" timestamp="02 Jun 2019 11:55:04 GMT" skipped="0">
  <testcase classname="mvnGroupID1.testTest" name="testcase2" time="0.011"/>
</testsuite> <!-- mvnGroupID1.testTest -->
